<?xml version="1.0" encoding="UTF-8"?>
<!-- Generated by org.testng.reporters.JUnitReportReporter -->
<testsuite hostname="DESKTOP-URPRNUM" name="com.app.testng.testng.AppTest" tests="1" failures="0" timestamp="12 Aug 2020 18:23:01 GMT" time="207.684" errors="0">
  <testcase name="test1" time="207.684" classname="com.app.testng.testng.AppTest"/>
</testsuite> <!-- com.app.testng.testng.AppTest -->
