<?xml version="1.0" encoding="UTF-8"?>
<!-- Generated by org.testng.reporters.JUnitReportReporter -->
<testsuite hostname="DESKTOP-LTD2CIS" name="com.app.testng.testng.AppTest" tests="1" failures="0" timestamp="11 Oct 2020 06:36:15 GMT" time="29.932" errors="0">
  <testcase name="test1" time="29.932" classname="com.app.testng.testng.AppTest"/>
</testsuite> <!-- com.app.testng.testng.AppTest -->
