<?xml version="1.0" encoding="UTF-8"?>
<!-- Generated by org.testng.reporters.JUnitReportReporter -->
<testsuite hostname="DESKTOP-URPRNUM" name="com.test.autotest.AppTest" tests="2" failures="0" timestamp="14 Sep 2020 06:00:40 GMT" time="179.743" errors="0">
  <testcase name="test2" time="4.036" classname="com.test.autotest.AppTest"/>
  <testcase name="test1" time="175.707" classname="com.test.autotest.AppTest"/>
</testsuite> <!-- com.test.autotest.AppTest -->
