<?xml version="1.0" encoding="UTF-8"?>
<!-- Generated by org.testng.reporters.JUnitReportReporter -->
<testsuite hostname="DESKTOP-LTD2CIS" name="com.sep.tesing.automationtesting.AppTest" tests="2" failures="0" timestamp="14 Oct 2020 03:14:05 GMT" time="0.054" errors="0">
  <testcase name="test2" time="0.016" classname="com.sep.tesing.automationtesting.AppTest"/>
  <testcase name="test1" time="0.038" classname="com.sep.tesing.automationtesting.AppTest"/>
</testsuite> <!-- com.sep.tesing.automationtesting.AppTest -->
