<?xml version="1.0" encoding="UTF-8"?>
<!-- Generated by org.testng.reporters.JUnitReportReporter -->
<testsuite hostname="LAPTOP-6DS9Q2LT" name="seletest.com.test.Qone" tests="1" failures="0" timestamp="14 Oct 2020 06:44:39 GMT" time="4.012" errors="0">
  <testcase name="test1" time="4.012" classname="seletest.com.test.Qone"/>
</testsuite> <!-- seletest.com.test.Qone -->
